<?xml version="1.0" encoding="UTF-8"?>
<testng-results skipped="0" failed="0" ignored="0" total="1" passed="1">
  <reporter-output>
  </reporter-output>
  <suite name="Default suite" duration-ms="11570" started-at="2018-06-23T00:52:59Z" finished-at="2018-06-23T00:53:11Z">
    <groups>
    </groups>
    <test name="Default test" duration-ms="11570" started-at="2018-06-23T00:52:59Z" finished-at="2018-06-23T00:53:11Z">
      <class name="com.prestashop.tests.PositiveScenarios">
        <test-method status="PASS" signature="setUpClass()[pri:0, instance:com.prestashop.tests.PositiveScenarios@119020fb]" name="setUpClass" is-config="true" duration-ms="44" started-at="2018-06-23T00:52:59Z" finished-at="2018-06-23T00:52:59Z">
          <reporter-output>
          </reporter-output>
        </test-method> <!-- setUpClass -->
        <test-method status="PASS" signature="setUpMethod()[pri:0, instance:com.prestashop.tests.PositiveScenarios@119020fb]" name="setUpMethod" is-config="true" duration-ms="3181" started-at="2018-06-23T00:52:59Z" finished-at="2018-06-23T00:53:02Z">
          <reporter-output>
          </reporter-output>
        </test-method> <!-- setUpMethod -->
        <test-method status="PASS" signature="loginTest()[pri:0, instance:com.prestashop.tests.PositiveScenarios@119020fb]" name="loginTest" duration-ms="8330" started-at="2018-06-23T00:53:02Z" finished-at="2018-06-23T00:53:11Z">
          <reporter-output>
          </reporter-output>
        </test-method> <!-- loginTest -->
        <test-method status="PASS" signature="teardownClass()[pri:0, instance:com.prestashop.tests.PositiveScenarios@119020fb]" name="teardownClass" is-config="true" duration-ms="0" started-at="2018-06-23T00:53:11Z" finished-at="2018-06-23T00:53:11Z">
          <reporter-output>
          </reporter-output>
        </test-method> <!-- teardownClass -->
      </class> <!-- com.prestashop.tests.PositiveScenarios -->
    </test> <!-- Default test -->
  </suite> <!-- Default suite -->
</testng-results>
